<?xml version="1.0" encoding="UTF-8"?>
<!-- Generated by org.testng.reporters.JUnitReportReporter -->
<testsuite hostname="BINTERNS-QA15L" failures="0" tests="4" name="Assignment29.Scenario01" time="3.960" errors="0" timestamp="2023-03-07T18:24:31 IST" skipped="0">
  <testcase classname="Assignment29.Scenario01" name="openBrowser" time="1.833"/>
  <system-out/>
  <testcase classname="Assignment29.Scenario01" name="NavigateURL" time="2.085"/>
  <system-out/>
  <testcase classname="Assignment29.Scenario01" name="testurl" time="0.009"/>
  <system-out/>
  <testcase classname="Assignment29.Scenario01" name="verifybuton" time="0.033"/>
  <system-out/>
</testsuite> <!-- Assignment29.Scenario01 -->
