<?xml version="1.0" encoding="UTF-8"?>
<!-- Generated by org.testng.reporters.JUnitReportReporter -->
<testsuite hostname="BINTERNS-QA15L" failures="0" tests="1" name="test02.NewTest1dependency" time="0.005" errors="0" timestamp="2023-03-06T11:28:02 IST" skipped="0">
  <testcase classname="test02.NewTest1dependency" name="f" time="0.005"/>
  <system-out/>
</testsuite> <!-- test02.NewTest1dependency -->
