<?xml version="1.0" encoding="UTF-8"?>
<!-- Generated by org.testng.reporters.JUnitReportReporter -->
<testsuite hostname="BINTERNS-QA15L" failures="0" tests="2" name="test01.NewTest01" time="0.005" errors="0" timestamp="2023-03-07T11:44:59 IST" skipped="0">
  <testcase classname="test01.NewTest01" name="Test2" time="0.001"/>
  <system-out/>
  <testcase classname="test01.NewTest01" name="Test1" time="0.004"/>
  <system-out/>
</testsuite> <!-- test01.NewTest01 -->
