<?xml version="1.0" encoding="UTF-8"?>
<!-- Generated by org.testng.reporters.JUnitReportReporter -->
<testsuite hostname="BINTERNS-QA15L" failures="0" tests="1" name="test01.NewTest02" time="0.001" errors="0" timestamp="2023-03-06T17:28:55 IST" skipped="0">
  <testcase classname="test01.NewTest02" name="Sum" time="0.001"/>
  <system-out/>
</testsuite> <!-- test01.NewTest02 -->
